#
# A fatal error has been detected by the Java Runtime Environment:
#
#  EXCEPTION_ACCESS_VIOLATION (0xc0000005) at pc=0x09e81708, pid=344, tid=8308
#
# JRE version: Java(TM) SE Runtime Environment (8.0_65-b17) (build 1.8.0_65-b17)
# Java VM: Java HotSpot(TM) Client VM (25.65-b01 mixed mode windows-x86 )
# Problematic frame:
# C  [nativemcl.dll+0x91708]
#
# Failed to write core dump. Minidumps are not enabled by default on client versions of Windows
#
# If you would like to submit a bug report, please visit:
#   http://bugreport.java.com/bugreport/crash.jsp
#

---------------  T H R E A D  ---------------

Current thread (0x02d4cc00):  VMThread [stack: 0x05230000,0x05280000] [id=8308]

siginfo: ExceptionCode=0xc0000005, reading address 0x00000058

Registers:
EAX=0x00000000, EBX=0x07f1e960, ECX=0x02d4cd40, EDX=0x013140e8
ESP=0x0527f188, EBP=0x0527f18c, ESI=0x013140a8, EDI=0x02d4cd40
EIP=0x09e81708, EFLAGS=0x00010202

Top of Stack: (sp=0x0527f188)
0x0527f188:   062e8fec 0527f1e0 09e80a16 062e8fec
0x0527f198:   0b0f07e0 013140a8 09f92b9d 00000000
0x0527f1a8:   09e8fb60 6d1f1a60 0135a998 012644a0
0x0527f1b8:   0135bb78 0135bc28 00000001 0b0f0798
0x0527f1c8:   07f1e960 0b0e8a6d 02d4cd40 0527f200
0x0527f1d8:   09f71b31 00000001 0527f20c 09e91a6a
0x0527f1e8:   0527f1f8 00000000 0b0f07d8 07f1e960
0x0527f1f8:   09e81700 062e8fec 0527f248 09f73033 

Instructions: (pc=0x09e81708)
0x09e816e8:   83 c4 04 8b c6 5e 5d c2 04 00 cc cc cc cc cc cc
0x09e816f8:   cc cc cc cc cc cc cc cc 55 8b ec 8b 01 ff 75 08
0x09e81708:   8b 40 58 51 ff d0 5d c2 04 00 cc cc cc cc cc cc
0x09e81718:   cc cc cc cc cc cc cc cc 55 8b ec 6a ff 68 03 1d 


Register to memory mapping:

EAX=
[error occurred during error reporting (printing register info), id 0xc0000005]

Stack: [0x05230000,0x05280000],  sp=0x0527f188,  free space=316k
Native frames: (J=compiled Java code, j=interpreted, Vv=VM code, C=native code)
C  [nativemcl.dll+0x91708]
C  [nativemcl.dll+0x90a16]
C  [nativemcl.dll+0xa1a6a]
C  [nativemcl.dll+0xa15ae]
C  0x0b0e1bb8
C  0x0b0e1c3a
C  0x0b0e3a8f
C  0x0b0e9596
C  0x0b0e97bc
C  0x0b0e96e6
C  [ntdll.dll+0x6e58e]
C  [ntdll.dll+0x40e46]
C  [ntdll.dll+0x2a862]
C  [ntdll.dll+0x2a416]
C  [KERNEL32.DLL+0x2adc3]
C  [msvcr100.dll+0x27997]
C  [msvcr100.dll+0x27ab0]
C  [msvcr100.dll+0x27b1d]
V  [jvm.dll+0x1573b2]
V  [jvm.dll+0x180ebd]
V  [jvm.dll+0x180321]
V  [jvm.dll+0x180737]
V  [jvm.dll+0x180932]
V  [jvm.dll+0x1c0466]
C  [msvcr100.dll+0x5c556]
C  [msvcr100.dll+0x5c600]
C  [KERNEL32.DLL+0x162c4]
C  [ntdll.dll+0x60fd9]
C  [ntdll.dll+0x60fa4]

VM_Operation (0x066fd3f0): Exit, mode: safepoint, requested by thread 0x05444800


---------------  P R O C E S S  ---------------

Java Threads: ( => current thread )
  0x0635ac00 JavaThread "EventMgr Dispatcher" daemon [_thread_in_native, id=13776, stack(0x0d910000,0x0d960000)]
  0x06358400 JavaThread "MATLAB Compiler Runtime" daemon [_thread_blocked, id=7200, stack(0x0db10000,0x0e310000)]
  0x063db400 JavaThread "Thread-5" [_thread_blocked, id=12624, stack(0x0d1f0000,0x0d240000)]
  0x063db000 JavaThread "Thread-4" daemon [_thread_in_native, id=12700, stack(0x0d160000,0x0d1b0000)]
  0x0636e000 JavaThread "TimerQueue" daemon [_thread_blocked, id=12464, stack(0x07c20000,0x07c70000)]
  0x02dbc800 JavaThread "DestroyJavaVM" [_thread_blocked, id=12424, stack(0x01140000,0x01190000)]
  0x05444800 JavaThread "AWT-EventQueue-0" [_thread_blocked, id=6296, stack(0x066b0000,0x06700000)]
  0x053bf800 JavaThread "AWT-Shutdown" [_thread_blocked, id=620, stack(0x05b20000,0x05b70000)]
  0x053bec00 JavaThread "Java2D Disposer" daemon [_thread_blocked, id=6952, stack(0x05a90000,0x05ae0000)]
  0x052ab800 JavaThread "Service Thread" daemon [_thread_blocked, id=13920, stack(0x05880000,0x058d0000)]
  0x052a4800 JavaThread "C1 CompilerThread0" daemon [_thread_blocked, id=504, stack(0x057f0000,0x05840000)]
  0x052aec00 JavaThread "Attach Listener" daemon [_thread_blocked, id=12012, stack(0x05760000,0x057b0000)]
  0x052adc00 JavaThread "Signal Dispatcher" daemon [_thread_blocked, id=7908, stack(0x056d0000,0x05720000)]
  0x05287800 JavaThread "Finalizer" daemon [_thread_blocked, id=13032, stack(0x05550000,0x055a0000)]
  0x02d4e800 JavaThread "Reference Handler" daemon [_thread_blocked, id=8660, stack(0x054c0000,0x05510000)]

Other Threads:
=>0x02d4cc00 VMThread [stack: 0x05230000,0x05280000] [id=8308]

VM state:at safepoint (shutting down)

VM Mutex/Monitor currently owned by a thread:  ([mutex/lock_event])
[0x02dbb0e8] Threads_lock - owner thread: 0x02d4cc00

Heap:
 def new generation   total 9792K, used 7655K [0x0f600000, 0x100a0000, 0x14b50000)
  eden space 8704K,  75% used [0x0f600000, 0x0fc69d28, 0x0fe80000)
  from space 1088K,  99% used [0x0ff90000, 0x1009ff00, 0x100a0000)
  to   space 1088K,   0% used [0x0fe80000, 0x0fe80000, 0x0ff90000)
 tenured generation   total 21664K, used 13090K [0x14b50000, 0x16078000, 0x1f600000)
   the space 21664K,  60% used [0x14b50000, 0x158188d8, 0x15818a00, 0x16078000)
 Metaspace       used 8242K, capacity 8446K, committed 8576K, reserved 8576K

Card table byte_map: [0x01430000,0x014c0000] byte_map_base: 0x013b5000

Polling page: 0x00df0000

CodeCache: size=32768Kb used=1821Kb max_used=1821Kb free=30946Kb
 bounds [0x02dd0000, 0x02f98000, 0x04dd0000]
 total_blobs=1142 nmethods=907 adapters=165
 compilation: enabled

Compilation events (10 events):
Event: 71.477 Thread 0x052a4800  908             java.net.URL::getHost (5 bytes)
Event: 71.477 Thread 0x052a4800 nmethod 908 0x02f95888 code [0x02f95980, 0x02f95a00]
Event: 71.480 Thread 0x052a4800  909             java.nio.Buffer::checkIndex (22 bytes)
Event: 71.480 Thread 0x052a4800 nmethod 909 0x02f95a48 code [0x02f95b50, 0x02f95c2c]
Event: 71.528 Thread 0x052a4800  910  s          java.lang.StringBuffer::append (13 bytes)
Event: 71.529 Thread 0x052a4800 nmethod 910 0x02f95cc8 code [0x02f95dd0, 0x02f95fbc]
Event: 71.679 Thread 0x052a4800  911   !         java.util.concurrent.ConcurrentHashMap::putVal (362 bytes)
Event: 71.681 Thread 0x052a4800 nmethod 911 0x02f96048 code [0x02f961f0, 0x02f96b00]
Event: 71.819 Thread 0x052a4800  912             java.nio.ByteBuffer::hasArray (20 bytes)
Event: 71.819 Thread 0x052a4800 nmethod 912 0x02f97308 code [0x02f97400, 0x02f974b0]

GC Heap History (10 events):
Event: 32.377 GC heap before
{Heap before GC invocations=5 (full 0):
 def new generation   total 4928K, used 4928K [0x0f600000, 0x0fb50000, 0x14b50000)
  eden space 4416K, 100% used [0x0f600000, 0x0fa50000, 0x0fa50000)
  from space 512K, 100% used [0x0fad0000, 0x0fb50000, 0x0fb50000)
  to   space 512K,   0% used [0x0fa50000, 0x0fa50000, 0x0fad0000)
 tenured generation   total 10944K, used 9043K [0x14b50000, 0x15600000, 0x1f600000)
   the space 10944K,  82% used [0x14b50000, 0x15424c90, 0x15424e00, 0x15600000)
 Metaspace       used 7552K, capacity 7742K, committed 7936K, reserved 8576K
Event: 32.381 GC heap after
Heap after GC invocations=6 (full 0):
 def new generation   total 4928K, used 511K [0x0f600000, 0x0fb50000, 0x14b50000)
  eden space 4416K,   0% used [0x0f600000, 0x0f600000, 0x0fa50000)
  from space 512K,  99% used [0x0fa50000, 0x0facfff8, 0x0fad0000)
  to   space 512K,   0% used [0x0fad0000, 0x0fad0000, 0x0fb50000)
 tenured generation   total 10944K, used 9627K [0x14b50000, 0x15600000, 0x1f600000)
   the space 10944K,  87% used [0x14b50000, 0x154b6fc8, 0x154b7000, 0x15600000)
 Metaspace       used 7552K, capacity 7742K, committed 7936K, reserved 8576K
}
Event: 32.431 GC heap before
{Heap before GC invocations=6 (full 0):
 def new generation   total 4928K, used 4927K [0x0f600000, 0x0fb50000, 0x14b50000)
  eden space 4416K, 100% used [0x0f600000, 0x0fa50000, 0x0fa50000)
  from space 512K,  99% used [0x0fa50000, 0x0facfff8, 0x0fad0000)
  to   space 512K,   0% used [0x0fad0000, 0x0fad0000, 0x0fb50000)
 tenured generation   total 10944K, used 9627K [0x14b50000, 0x15600000, 0x1f600000)
   the space 10944K,  87% used [0x14b50000, 0x154b6fc8, 0x154b7000, 0x15600000)
 Metaspace       used 7552K, capacity 7742K, committed 7936K, reserved 8576K
Event: 32.436 GC heap after
Heap after GC invocations=7 (full 0):
 def new generation   total 4928K, used 191K [0x0f600000, 0x0fb50000, 0x14b50000)
  eden space 4416K,   0% used [0x0f600000, 0x0f600000, 0x0fa50000)
  from space 512K,  37% used [0x0fad0000, 0x0fafff78, 0x0fb50000)
  to   space 512K,   0% used [0x0fa50000, 0x0fa50000, 0x0fad0000)
 tenured generation   total 10944K, used 10102K [0x14b50000, 0x15600000, 0x1f600000)
   the space 10944K,  92% used [0x14b50000, 0x1552dbf0, 0x1552dc00, 0x15600000)
 Metaspace       used 7552K, capacity 7742K, committed 7936K, reserved 8576K
}
Event: 40.525 GC heap before
{Heap before GC invocations=7 (full 0):
 def new generation   total 4928K, used 4607K [0x0f600000, 0x0fb50000, 0x14b50000)
  eden space 4416K, 100% used [0x0f600000, 0x0fa50000, 0x0fa50000)
  from space 512K,  37% used [0x0fad0000, 0x0fafff78, 0x0fb50000)
  to   space 512K,   0% used [0x0fa50000, 0x0fa50000, 0x0fad0000)
 tenured generation   total 10944K, used 10102K [0x14b50000, 0x15600000, 0x1f600000)
   the space 10944K,  92% used [0x14b50000, 0x1552dbf0, 0x1552dc00, 0x15600000)
 Metaspace       used 7562K, capacity 7742K, committed 7936K, reserved 8576K
Event: 40.528 GC heap after
Heap after GC invocations=8 (full 0):
 def new generation   total 4928K, used 512K [0x0f600000, 0x0fb50000, 0x14b50000)
  eden space 4416K,   0% used [0x0f600000, 0x0f600000, 0x0fa50000)
  from space 512K, 100% used [0x0fa50000, 0x0fad0000, 0x0fad0000)
  to   space 512K,   0% used [0x0fad0000, 0x0fad0000, 0x0fb50000)
 tenured generation   total 10944K, used 10549K [0x14b50000, 0x15600000, 0x1f600000)
   the space 10944K,  96% used [0x14b50000, 0x1559d680, 0x1559d800, 0x15600000)
 Metaspace       used 7562K, capacity 7742K, committed 7936K, reserved 8576K
}
Event: 40.706 GC heap before
{Heap before GC invocations=8 (full 0):
 def new generation   total 4928K, used 4928K [0x0f600000, 0x0fb50000, 0x14b50000)
  eden space 4416K, 100% used [0x0f600000, 0x0fa50000, 0x0fa50000)
  from space 512K, 100% used [0x0fa50000, 0x0fad0000, 0x0fad0000)
  to   space 512K,   0% used [0x0fad0000, 0x0fad0000, 0x0fb50000)
 tenured generation   total 10944K, used 10549K [0x14b50000, 0x15600000, 0x1f600000)
   the space 10944K,  96% used [0x14b50000, 0x1559d680, 0x1559d800, 0x15600000)
 Metaspace       used 7801K, capacity 7998K, committed 8192K, reserved 8576K
Event: 40.740 GC heap after
Heap after GC invocations=9 (full 1):
 def new generation   total 9792K, used 440K [0x0f600000, 0x100a0000, 0x14b50000)
  eden space 8704K,   5% used [0x0f600000, 0x0f66e2f0, 0x0fe80000)
  from space 1088K,   0% used [0x0fe80000, 0x0fe80000, 0x0ff90000)
  to   space 1088K,   0% used [0x0ff90000, 0x0ff90000, 0x100a0000)
 tenured generation   total 21664K, used 12997K [0x14b50000, 0x16078000, 0x1f600000)
   the space 21664K,  59% used [0x14b50000, 0x158015b8, 0x15801600, 0x16078000)
 Metaspace       used 7794K, capacity 7981K, committed 8192K, reserved 8576K
}
Event: 69.521 GC heap before
{Heap before GC invocations=9 (full 1):
 def new generation   total 9792K, used 8704K [0x0f600000, 0x100a0000, 0x14b50000)
  eden space 8704K, 100% used [0x0f600000, 0x0fe80000, 0x0fe80000)
  from space 1088K,   0% used [0x0fe80000, 0x0fe80000, 0x0ff90000)
  to   space 1088K,   0% used [0x0ff90000, 0x0ff90000, 0x100a0000)
 tenured generation   total 21664K, used 12997K [0x14b50000, 0x16078000, 0x1f600000)
   the space 21664K,  59% used [0x14b50000, 0x158015b8, 0x15801600, 0x16078000)
 Metaspace       used 8031K, capacity 8220K, committed 8320K, reserved 8576K
Event: 69.528 GC heap after
Heap after GC invocations=10 (full 1):
 def new generation   total 9792K, used 1087K [0x0f600000, 0x100a0000, 0x14b50000)
  eden space 8704K,   0% used [0x0f600000, 0x0f600000, 0x0fe80000)
  from space 1088K,  99% used [0x0ff90000, 0x1009ff00, 0x100a0000)
  to   space 1088K,   0% used [0x0fe80000, 0x0fe80000, 0x0ff90000)
 tenured generation   total 21664K, used 13090K [0x14b50000, 0x16078000, 0x1f600000)
   the space 21664K,  60% used [0x14b50000, 0x158188d8, 0x15818a00, 0x16078000)
 Metaspace       used 8031K, capacity 8220K, committed 8320K, reserved 8576K
}

Deoptimization events (0 events):
No events

Internal exceptions (10 events):
Event: 69.593 Thread 0x06358400 Exception <a 'java/security/PrivilegedActionException'> (0x0f620820) thrown at [C:\re\workspace\8-2-build-windows-i586-cygwin\jdk8u65\4987\hotspot\src\share\vm\prims\jvm.cpp, line 1386]
Event: 69.593 Thread 0x06358400 Exception <a 'java/security/PrivilegedActionException'> (0x0f620a20) thrown at [C:\re\workspace\8-2-build-windows-i586-cygwin\jdk8u65\4987\hotspot\src\share\vm\prims\jvm.cpp, line 1386]
Event: 69.594 Thread 0x06358400 Exception <a 'java/security/PrivilegedActionException'> (0x0f622318) thrown at [C:\re\workspace\8-2-build-windows-i586-cygwin\jdk8u65\4987\hotspot\src\share\vm\prims\jvm.cpp, line 1386]
Event: 69.594 Thread 0x06358400 Exception <a 'java/security/PrivilegedActionException'> (0x0f622518) thrown at [C:\re\workspace\8-2-build-windows-i586-cygwin\jdk8u65\4987\hotspot\src\share\vm\prims\jvm.cpp, line 1386]
Event: 69.665 Thread 0x06358400 Exception <a 'java/security/PrivilegedActionException'> (0x0f646cc0) thrown at [C:\re\workspace\8-2-build-windows-i586-cygwin\jdk8u65\4987\hotspot\src\share\vm\prims\jvm.cpp, line 1386]
Event: 69.665 Thread 0x06358400 Exception <a 'java/security/PrivilegedActionException'> (0x0f646ec0) thrown at [C:\re\workspace\8-2-build-windows-i586-cygwin\jdk8u65\4987\hotspot\src\share\vm\prims\jvm.cpp, line 1386]
Event: 69.665 Thread 0x06358400 Exception <a 'java/security/PrivilegedActionException'> (0x0f6494e8) thrown at [C:\re\workspace\8-2-build-windows-i586-cygwin\jdk8u65\4987\hotspot\src\share\vm\prims\jvm.cpp, line 1386]
Event: 69.665 Thread 0x06358400 Exception <a 'java/security/PrivilegedActionException'> (0x0f6496e8) thrown at [C:\re\workspace\8-2-build-windows-i586-cygwin\jdk8u65\4987\hotspot\src\share\vm\prims\jvm.cpp, line 1386]
Event: 69.665 Thread 0x06358400 Exception <a 'java/security/PrivilegedActionException'> (0x0f64b0f8) thrown at [C:\re\workspace\8-2-build-windows-i586-cygwin\jdk8u65\4987\hotspot\src\share\vm\prims\jvm.cpp, line 1386]
Event: 69.665 Thread 0x06358400 Exception <a 'java/security/PrivilegedActionException'> (0x0f64b2f8) thrown at [C:\re\workspace\8-2-build-windows-i586-cygwin\jdk8u65\4987\hotspot\src\share\vm\prims\jvm.cpp, line 1386]

Events (10 events):
Event: 71.764 Thread 0x0635d800 Thread added: 0x0635d800
Event: 71.764 loading class sun/awt/shell/Win32ShellFolderManager2$ComInvoker$1$1
Event: 71.764 Thread 0x0635e400 Thread exited: 0x0635e400
Event: 71.764 loading class sun/awt/shell/Win32ShellFolderManager2$ComInvoker$1$1 done
Event: 71.764 Thread 0x0635cc00 Thread exited: 0x0635cc00
Event: 71.764 Thread 0x0635d400 Thread exited: 0x0635d400
Event: 71.766 Thread 0x062a1000 Thread exited: 0x062a1000
Event: 71.772 Thread 0x053c0400 Thread exited: 0x053c0400
Event: 71.865 Thread 0x0635d800 Thread exited: 0x0635d800
Event: 71.865 Executing VM operation: Exit


Dynamic libraries:
0x00bc0000 - 0x00bf3000 	C:\Program Files (x86)\Java\jre1.8.0_65\bin\javaw.exe
0x77890000 - 0x77a13000 	C:\WINDOWS\SYSTEM32\ntdll.dll
0x75100000 - 0x751e0000 	C:\WINDOWS\System32\KERNEL32.DLL
0x74900000 - 0x74aa1000 	C:\WINDOWS\System32\KERNELBASE.dll
0x0f4f0000 - 0x0f51f000 	C:\Program Files\AVAST Software\Avast\aswhookx.dll
0x776a0000 - 0x77717000 	C:\WINDOWS\System32\ADVAPI32.dll
0x745a0000 - 0x7465e000 	C:\WINDOWS\System32\msvcrt.dll
0x75670000 - 0x756b1000 	C:\WINDOWS\System32\sechost.dll
0x777c0000 - 0x77881000 	C:\WINDOWS\System32\RPCRT4.dll
0x74350000 - 0x7436e000 	C:\WINDOWS\System32\SspiCli.dll
0x74340000 - 0x7434a000 	C:\WINDOWS\System32\CRYPTBASE.dll
0x75f40000 - 0x75f9a000 	C:\WINDOWS\System32\bcryptPrimitives.dll
0x75ca0000 - 0x75dff000 	C:\WINDOWS\System32\USER32.dll
0x75650000 - 0x75665000 	C:\WINDOWS\System32\win32u.dll
0x753e0000 - 0x7540b000 	C:\WINDOWS\System32\GDI32.dll
0x751e0000 - 0x7533a000 	C:\WINDOWS\System32\gdi32full.dll
0x6f460000 - 0x6f66a000 	C:\WINDOWS\WinSxS\x86_microsoft.windows.common-controls_6595b64144ccf1df_6.0.14393.953_none_89c2555adb023171\COMCTL32.dll
0x75430000 - 0x75641000 	C:\WINDOWS\System32\combase.dll
0x75b80000 - 0x75c60000 	C:\WINDOWS\System32\ucrtbase.dll
0x747e0000 - 0x74805000 	C:\WINDOWS\System32\IMM32.DLL
0x78990000 - 0x78a4f000 	C:\Program Files (x86)\Java\jre1.8.0_65\bin\msvcr100.dll
0x6cea0000 - 0x6d264000 	C:\Program Files (x86)\Java\jre1.8.0_65\bin\client\jvm.dll
0x74660000 - 0x74666000 	C:\WINDOWS\System32\PSAPI.DLL
0x73fb0000 - 0x73fb8000 	C:\WINDOWS\SYSTEM32\WSOCK32.dll
0x77390000 - 0x773f3000 	C:\WINDOWS\System32\WS2_32.dll
0x6fca0000 - 0x6fcc4000 	C:\WINDOWS\SYSTEM32\WINMM.dll
0x74290000 - 0x74298000 	C:\WINDOWS\SYSTEM32\VERSION.dll
0x00da0000 - 0x00dc3000 	C:\WINDOWS\SYSTEM32\WINMMBASE.dll
0x75c60000 - 0x75c96000 	C:\WINDOWS\System32\cfgmgr32.dll
0x501d0000 - 0x501dc000 	C:\Program Files (x86)\Java\jre1.8.0_65\bin\verify.dll
0x501a0000 - 0x501c1000 	C:\Program Files (x86)\Java\jre1.8.0_65\bin\java.dll
0x50000000 - 0x50013000 	C:\Program Files (x86)\Java\jre1.8.0_65\bin\zip.dll
0x75fb0000 - 0x77388000 	C:\WINDOWS\System32\SHELL32.dll
0x74ad0000 - 0x7503e000 	C:\WINDOWS\System32\windows.storage.dll
0x75340000 - 0x75385000 	C:\WINDOWS\System32\powrprof.dll
0x75390000 - 0x753d6000 	C:\WINDOWS\System32\shlwapi.dll
0x77480000 - 0x7748d000 	C:\WINDOWS\System32\kernel.appcore.dll
0x77720000 - 0x777a8000 	C:\WINDOWS\System32\shcore.dll
0x777b0000 - 0x777bf000 	C:\WINDOWS\System32\profapi.dll
0x6c060000 - 0x6c1a5000 	C:\Program Files (x86)\Java\jre1.8.0_65\bin\awt.dll
0x75ea0000 - 0x75f34000 	C:\WINDOWS\System32\OLEAUT32.dll
0x77400000 - 0x7747b000 	C:\WINDOWS\System32\msvcp_win.dll
0x71120000 - 0x711b2000 	C:\WINDOWS\SYSTEM32\apphelp.dll
0x702e0000 - 0x70355000 	C:\WINDOWS\system32\uxtheme.dll
0x74370000 - 0x744a5000 	C:\WINDOWS\System32\MSCTF.dll
0x702b0000 - 0x702cf000 	C:\WINDOWS\system32\dwmapi.dll
0x74810000 - 0x748fc000 	C:\WINDOWS\System32\ole32.dll
0x660d0000 - 0x66164000 	C:\WINDOWS\WinSxS\x86_microsoft.windows.common-controls_6595b64144ccf1df_5.82.14393.447_none_5507ded2cb4f7f4c\comctl32.dll
0x6f420000 - 0x6f459000 	C:\Program Files (x86)\Java\jre1.8.0_65\bin\fontmanager.dll
0x6fdc0000 - 0x6fdd6000 	C:\Program Files (x86)\Java\jre1.8.0_65\bin\net.dll
0x736c0000 - 0x7370e000 	C:\WINDOWS\system32\mswsock.dll
0x50190000 - 0x5019f000 	C:\Program Files (x86)\Java\jre1.8.0_65\bin\nio.dll
0x6f3f0000 - 0x6f420000 	C:\Program Files (x86)\Java\jre1.8.0_65\bin\t2k.dll
0x77490000 - 0x77514000 	C:\WINDOWS\System32\clbcatq.dll
0x700c0000 - 0x7020f000 	C:\WINDOWS\SYSTEM32\PROPSYS.dll
0x62f90000 - 0x63116000 	C:\Windows\System32\ActXPrxy.dll
0x06ea0000 - 0x06fc4000 	C:\WINDOWS\system32\NetworkExplorer.dll
0x6fd30000 - 0x6fd46000 	C:\WINDOWS\SYSTEM32\MPR.dll
0x4ae80000 - 0x4ae92000 	C:\WINDOWS\System32\ntlanman.dll
0x071c0000 - 0x071c9000 	C:\WINDOWS\System32\drprov.dll
0x71bb0000 - 0x71bf3000 	C:\WINDOWS\System32\WINSTA.dll
0x071d0000 - 0x071ea000 	C:\WINDOWS\System32\davclnt.dll
0x0f3a0000 - 0x0f3ab000 	C:\WINDOWS\System32\DAVHLPR.dll
0x72030000 - 0x72040000 	C:\WINDOWS\System32\wkscli.dll
0x73400000 - 0x7341b000 	C:\WINDOWS\System32\bcrypt.dll
0x71ba0000 - 0x71baf000 	C:\WINDOWS\SYSTEM32\cscapi.dll
0x72830000 - 0x7283b000 	C:\WINDOWS\System32\netutils.dll
0x071f0000 - 0x07232000 	C:\Windows\System32\dlnashext.dll
0x07240000 - 0x07298000 	C:\Windows\System32\PlayToDevice.dll
0x0f2c0000 - 0x0f2db000 	C:\Windows\System32\DevDispItemProvider.dll
0x538a0000 - 0x538f8000 	C:\WINDOWS\System32\MMDevApi.dll
0x6fde0000 - 0x6fe02000 	C:\WINDOWS\System32\DEVOBJ.dll
0x68b70000 - 0x68cd9000 	C:\WINDOWS\WinSxS\x86_microsoft.windows.gdiplus_6595b64144ccf1df_1.1.14393.953_none_baad48403594ab3f\gdiplus.dll
0x0f410000 - 0x0f493000 	C:\Windows\System32\PortableDeviceApi.dll
0x756c0000 - 0x75acb000 	C:\WINDOWS\System32\SETUPAPI.dll
0x75ad0000 - 0x75b14000 	C:\WINDOWS\System32\WINTRUST.dll
0x75fa0000 - 0x75fae000 	C:\WINDOWS\System32\MSASN1.dll
0x77520000 - 0x7769d000 	C:\WINDOWS\System32\CRYPT32.dll
0x609c0000 - 0x60ad3000 	C:\WINDOWS\SYSTEM32\MFPlat.DLL
0x5fcc0000 - 0x5fcea000 	C:\WINDOWS\SYSTEM32\RTWorkQ.DLL
0x51b60000 - 0x51b6d000 	C:\WINDOWS\SYSTEM32\LINKINFO.dll
0x6ef40000 - 0x6ef66000 	C:\Program Files (x86)\Java\jre1.8.0_65\bin\jpeg.dll
0x61eb0000 - 0x6201e000 	C:\WINDOWS\SYSTEM32\WindowsCodecs.dll
0x50020000 - 0x50064000 	C:\WINDOWS\system32\dataexchange.dll
0x523a0000 - 0x525d0000 	C:\WINDOWS\system32\d3d11.dll
0x77b30000 - 0x77c43000 	C:\WINDOWS\system32\dcomp.dll
0x52310000 - 0x52393000 	C:\WINDOWS\system32\dxgi.dll
0x77a30000 - 0x77b21000 	C:\WINDOWS\system32\twinapi.appcore.dll
0x08000000 - 0x0802b000 	C:\Program Files (x86)\MATLAB\MATLAB Runtime\v85\bin\win32\BuilderJABootstrap.dll
0x05d30000 - 0x05d3c000 	C:\Program Files (x86)\MATLAB\MATLAB Runtime\v85\bin\win32\nativedl.dll
0x0f050000 - 0x0f0d5000 	C:\WINDOWS\SYSTEM32\MSVCP110.dll
0x08030000 - 0x08106000 	C:\WINDOWS\SYSTEM32\MSVCR110.dll
0x7e240000 - 0x7e3fe000 	C:\Program Files (x86)\MATLAB\MATLAB Runtime\v85\bin\win32\libmwfl.dll
0x75410000 - 0x75429000 	C:\WINDOWS\System32\imagehlp.dll
0x05d40000 - 0x05d4b000 	C:\Program Files (x86)\MATLAB\MATLAB Runtime\v85\bin\win32\libmwresource_core.dll
0x7fbc0000 - 0x7fc81000 	C:\Program Files (x86)\MATLAB\MATLAB Runtime\v85\bin\win32\libmwi18n.dll
0x08110000 - 0x0854d000 	C:\Program Files (x86)\MATLAB\MATLAB Runtime\v85\bin\win32\libmwMATLAB_res.dll
0x6f3e0000 - 0x6f3ec000 	C:\Program Files (x86)\MATLAB\MATLAB Runtime\v85\bin\win32\boost_date_time-vc110-mt-1_49.dll
0x08550000 - 0x08575000 	C:\Program Files (x86)\MATLAB\MATLAB Runtime\v85\bin\win32\boost_filesystem-vc110-mt-1_49.dll
0x08580000 - 0x085f2000 	C:\Program Files (x86)\MATLAB\MATLAB Runtime\v85\bin\win32\boost_log-vc110-mt-1_49.dll
0x08600000 - 0x086b6000 	C:\Program Files (x86)\MATLAB\MATLAB Runtime\v85\bin\win32\boost_regex-vc110-mt-1_49.dll
0x086c0000 - 0x086fd000 	C:\Program Files (x86)\MATLAB\MATLAB Runtime\v85\bin\win32\boost_serialization-vc110-mt-1_49.dll
0x6f330000 - 0x6f33f000 	C:\Program Files (x86)\MATLAB\MATLAB Runtime\v85\bin\win32\boost_signals-vc110-mt-1_49.dll
0x6f2c0000 - 0x6f2c7000 	C:\Program Files (x86)\MATLAB\MATLAB Runtime\v85\bin\win32\boost_system-vc110-mt-1_49.dll
0x6f2b0000 - 0x6f2be000 	C:\Program Files (x86)\MATLAB\MATLAB Runtime\v85\bin\win32\boost_thread-vc110-mt-1_49.dll
0x08700000 - 0x08731000 	C:\Program Files (x86)\MATLAB\MATLAB Runtime\v85\bin\win32\tbb.dll
0x0f340000 - 0x0f35f000 	C:\Program Files (x86)\MATLAB\MATLAB Runtime\v85\bin\win32\LIBEXPAT.dll
0x7f9f0000 - 0x7fb50000 	C:\Program Files (x86)\MATLAB\MATLAB Runtime\v85\bin\win32\icuin52.dll
0x7f8e0000 - 0x7f9ec000 	C:\Program Files (x86)\MATLAB\MATLAB Runtime\v85\bin\win32\icuuc52.dll
0x7f8d0000 - 0x7f8de000 	C:\Program Files (x86)\MATLAB\MATLAB Runtime\v85\bin\win32\icuio52.dll
0x08780000 - 0x09deb000 	C:\Program Files (x86)\MATLAB\MATLAB Runtime\v85\bin\win32\icudt52.dll
0x09df0000 - 0x09feb000 	C:\Program Files (x86)\MATLAB\MATLAB Runtime\v85\bin\win32\nativemcl.dll
0x7f830000 - 0x7f8ce000 	C:\Program Files (x86)\MATLAB\MATLAB Runtime\v85\bin\win32\libut.dll
0x7dd60000 - 0x7dea2000 	C:\Program Files (x86)\MATLAB\MATLAB Runtime\v85\bin\win32\libmx.dll
0x09ff0000 - 0x0a343000 	C:\Program Files (x86)\MATLAB\MATLAB Runtime\v85\bin\win32\libmwservices.dll
0x744b0000 - 0x74595000 	C:\WINDOWS\System32\COMDLG32.dll
0x0a350000 - 0x0a5ac000 	C:\Program Files (x86)\MATLAB\MATLAB Runtime\v85\bin\win32\mclmcr.dll
0x0a5b0000 - 0x0a604000 	C:\Program Files (x86)\MATLAB\MATLAB Runtime\v85\bin\win32\mclbase.dll
0x7cf70000 - 0x7d03c000 	C:\Program Files (x86)\MATLAB\MATLAB Runtime\v85\bin\win32\mcr.dll
0x7b5b0000 - 0x7b6d9000 	C:\Program Files (x86)\MATLAB\MATLAB Runtime\v85\bin\win32\jmi.dll
0x0a610000 - 0x0a624000 	C:\Program Files (x86)\MATLAB\MATLAB Runtime\v85\bin\win32\jproxy.dll
0x0a630000 - 0x0a66a000 	C:\Program Files (x86)\MATLAB\MATLAB Runtime\v85\bin\win32\dservices.dll
0x0a670000 - 0x0a696000 	C:\Program Files (x86)\MATLAB\MATLAB Runtime\v85\bin\win32\tbbmalloc.dll
0x0a6a0000 - 0x0a6b4000 	C:\Program Files (x86)\MATLAB\MATLAB Runtime\v85\bin\win32\zlib1.dll
0x0a6c0000 - 0x0a6cf000 	C:\Program Files (x86)\MATLAB\MATLAB Runtime\v85\bin\win32\display_device.dll
0x7dd20000 - 0x7dd60000 	C:\Program Files (x86)\MATLAB\MATLAB Runtime\v85\bin\win32\libmwregexp.dll
0x7dce0000 - 0x7dd1f000 	C:\Program Files (x86)\MATLAB\MATLAB Runtime\v85\bin\win32\mpath.dll
0x7d640000 - 0x7da2e000 	C:\Program Files (x86)\MATLAB\MATLAB Runtime\v85\bin\win32\mlutil.dll

VM Arguments:
jvm_args: -Dfile.encoding=Cp1252 
java_command: textocrdetection.SampleSwing
java_class_path (initial): C:\Users\hp\Desktop\Project Eclipse\TextOcrDetection\build\classes;C:\Users\hp\Desktop\Project Eclipse\TextOcrDetection\l\DetectText.jar;C:\Users\hp\Desktop\Project Eclipse\TextOcrDetection\l\Graphs.jar;C:\Users\hp\Desktop\Project Eclipse\TextOcrDetection\l\Input.jar;C:\Users\hp\Desktop\Project Eclipse\TextOcrDetection\l\Mser.jar;C:\Users\hp\Desktop\Project Eclipse\TextOcrDetection\l\OcrText.jar;C:\Users\hp\Desktop\Project Eclipse\TextOcrDetection\l\Preprocessing.jar;C:\Users\hp\Desktop\Project Eclipse\TextOcrDetection\l\Regions.jar;C:\Users\hp\Desktop\Project Eclipse\TextOcrDetection\l\Textarea.jar;C:\Users\hp\Desktop\Project Eclipse\TextOcrDetection\l\Videoin.jar;C:\Program Files (x86)\MATLAB\MATLAB Runtime\v85\toolbox\javabuilder\jar\javabuilder.jar
Launcher Type: SUN_STANDARD

Environment Variables:
JAVA_HOME=C:\Program Files (x86)\Java\jdk1.7.0_45
CLASSPATH=C:\Program Files (x86)\Novosoft\C2J\Bin\c2jruntime.zip;C:\Program Files (x86)\Novosoft\C2J\Bin\c2jruntime.zip;.;.;C:\PROGRA~2\JMF21~1.1E\lib\sound.jar;C:\PROGRA~2\JMF21~1.1E\lib\jmf.jar;C:\PROGRA~2\JMF21~1.1E\lib;
PATH=C:\Program Files (x86)\MATLAB\MATLAB Runtime\v85\bin\win32;C:\Program Files (x86)\Java\jre1.8.0_65\bin\client;C:\Program Files (x86)\Java\jre1.8.0_65\bin;C:\Program Files (x86)\Java\jre1.8.0_65\lib\i386;C:\ProgramData\Oracle\Java\javapath;C:\WINDOWS\system32;C:\WINDOWS;C:\WINDOWS\System32\Wbem;C:\WINDOWS\System32\WindowsPowerShell\v1.0\;C:\Program Files (x86)\Microsoft SQL Server\100\Tools\Binn\;C:\Program Files\Microsoft SQL Server\100\Tools\Binn\;C:\Program Files\Microsoft SQL Server\100\DTS\Binn\;C:\Program Files (x86)\Microsoft SQL Server\100\Tools\Binn\VSShell\Common7\IDE\;C:\Program Files (x86)\Microsoft SQL Server\100\DTS\Binn\;C:\Program Files (x86)\Microsoft Visual Studio 9.0\Common7\IDE\PrivateAssemblies\;C:\WINDOWS\system32\Npcap;C:\Program Files\Java\jdk1.7.0_45\bin;C:\Program Files (x86)\Skype\Phone\;C:\Program Files (x86)\Java\jdk1.7.0_45;C:\Program Files (x86)\Java\jdk1.7.0_45\bin;C:\Program Files (x86)\MATLAB\MATLAB Runtime\v85\runtime\win32;C:\Program Files (x86)\Novosoft\C2J\Bin;C:\Program Files (x86)\Novosoft\C2J\Bin;%USERPROFILE%\AppData\Local\Microsoft\WindowsApps;C:\Users\hp\Downloads\Compressed\eclipse
USERNAME=hp
OS=Windows_NT
PROCESSOR_IDENTIFIER=Intel64 Family 6 Model 61 Stepping 4, GenuineIntel



---------------  S Y S T E M  ---------------

OS: Windows 10.0 , 64 bit Build 14393 (10.0.14393.1198)

CPU:total 4 (2 cores per cpu, 2 threads per core) family 6 model 61 stepping 4, cmov, cx8, fxsr, mmx, sse, sse2, sse3, ssse3, sse4.1, sse4.2, popcnt, avx, avx2, aes, clmul, erms, 3dnowpref, lzcnt, ht, tsc, tscinvbit, bmi1, bmi2, adx

Memory: 4k page, physical 8301972k(2675324k free), swap 18787732k(5816588k free)

vm_info: Java HotSpot(TM) Client VM (25.65-b01) for windows-x86 JRE (1.8.0_65-b17), built on Oct  6 2015 17:26:22 by "java_re" with MS VC++ 10.0 (VS2010)

time: Wed Jul 12 11:12:46 2017
elapsed time: 72 seconds (0d 0h 1m 12s)

